#
# There is insufficient memory for the Java Runtime Environment to continue.
# Native memory allocation (mmap) failed to map 4030464 bytes for G1 virtual space
# Possible reasons:
#   The system is out of physical RAM or swap space
#   The process is running with CompressedOops enabled, and the Java Heap may be blocking the growth of the native heap
# Possible solutions:
#   Reduce memory load on the system
#   Increase physical memory or swap space
#   Check if swap backing store is full
#   Decrease Java heap size (-Xmx/-Xms)
#   Decrease number of Java threads
#   Decrease Java thread stack sizes (-Xss)
#   Set larger code cache with -XX:ReservedCodeCacheSize=
#   JVM is running with Zero Based Compressed Oops mode in which the Java heap is
#     placed in the first 32GB address space. The Java Heap base address is the
#     maximum limit for the native heap growth. Please use -XX:HeapBaseMinAddress
#     to set the Java Heap base and to place the Java Heap above 32GB virtual address.
# This output file may be truncated or incomplete.
#
#  Out of Memory Error (os_windows.cpp:3532), pid=16028, tid=15928
#
# JRE version:  (17.0.2+8) (build )
# Java VM: Java HotSpot(TM) 64-Bit Server VM (17.0.2+8-LTS-86, mixed mode, emulated-client, sharing, tiered, compressed oops, compressed class ptrs, g1 gc, windows-amd64)
# No core dump will be written. Minidumps are not enabled by default on client versions of Windows
#

---------------  S U M M A R Y ------------

Command Line: -XX:TieredStopAtLevel=1 -Dspring.output.ansi.enabled=always -Dcom.sun.management.jmxremote -Dspring.jmx.enabled=true -Dspring.liveBeansView.mbeanDomain -Dspring.application.admin.enabled=true -Dmanagement.endpoints.jmx.exposure.include=* -javaagent:C:\Program Files\JetBrains\IntelliJ IDEA 2023.2.3\lib\idea_rt.jar=56324:C:\Program Files\JetBrains\IntelliJ IDEA 2023.2.3\bin -Dfile.encoding=UTF-8 com.example.database.DatabaseApplication

Host: AMD Ryzen 7 4800U with Radeon Graphics         , 16 cores, 15G,  Windows 10 , 64 bit Build 19041 (10.0.19041.3393)
Time: Wed Dec  6 23:38:23 2023  Windows 10 , 64 bit Build 19041 (10.0.19041.3393) elapsed time: 0.017426 seconds (0d 0h 0m 0s)

---------------  T H R E A D  ---------------

Current thread (0x000001f24bb462c0):  JavaThread "Unknown thread" [_thread_in_vm, id=15928, stack(0x000000c73af00000,0x000000c73b000000)]

Stack: [0x000000c73af00000,0x000000c73b000000]
Native frames: (J=compiled Java code, j=interpreted, Vv=VM code, C=native code)
V  [jvm.dll+0x670baa]
V  [jvm.dll+0x7cfcb4]
V  [jvm.dll+0x7d145e]
V  [jvm.dll+0x7d1ac3]
V  [jvm.dll+0x242bc5]
V  [jvm.dll+0x66dac9]
V  [jvm.dll+0x662412]
V  [jvm.dll+0x300c0b]
V  [jvm.dll+0x3081a6]
V  [jvm.dll+0x357d38]
V  [jvm.dll+0x357f3f]
V  [jvm.dll+0x2d7ec8]
V  [jvm.dll+0x2d8e34]
V  [jvm.dll+0x7a18c1]
V  [jvm.dll+0x365a91]
V  [jvm.dll+0x780d2c]
V  [jvm.dll+0x3e845f]
V  [jvm.dll+0x3e9f01]
C  [jli.dll+0x527b]
C  [ucrtbase.dll+0x21bb2]
C  [KERNEL32.DLL+0x17344]
C  [ntdll.dll+0x526b1]


---------------  P R O C E S S  ---------------

Threads class SMR info:
_java_thread_list=0x00007fffc8389858, length=0, elements={
}

Java Threads: ( => current thread )

Other Threads:
  0x000001f24bb92970 GCTaskThread "GC Thread#0" [stack: 0x000000c73b000000,0x000000c73b100000] [id=27052]
  0x000001f24bba2df0 ConcurrentGCThread "G1 Main Marker" [stack: 0x000000c73b100000,0x000000c73b200000] [id=3476]
  0x000001f24bba3800 ConcurrentGCThread "G1 Conc#0" [stack: 0x000000c73b200000,0x000000c73b300000] [id=11208]

[error occurred during error reporting (printing all threads), id 0xc0000005, EXCEPTION_ACCESS_VIOLATION (0xc0000005) at pc=0x00007fffc7bd88a7]

VM state: not at safepoint (not fully initialized)

VM Mutex/Monitor currently owned by a thread:  ([mutex/lock_event])
[0x000001f24bb43970] Heap_lock - owner thread: 0x000001f24bb462c0

Heap address: 0x000000070a000000, size: 3936 MB, Compressed Oops mode: Zero based, Oop shift amount: 3

CDS archive(s) mapped at: [0x0000000000000000-0x0000000000000000-0x0000000000000000), size 0, SharedBaseAddress: 0x0000000800000000, ArchiveRelocationMode: 0.
Narrow klass base: 0x0000000000000000, Narrow klass shift: 0, Narrow klass range: 0x0

GC Precious Log:
<Empty>

Heap:
 garbage-first heap   total 0K, used 0K [0x000000070a000000, 0x0000000800000000)
  region size 2048K, 0 young (0K), 0 survivors (0K)

[error occurred during error reporting (printing heap information), id 0xc0000005, EXCEPTION_ACCESS_VIOLATION (0xc0000005) at pc=0x00007fffc7fb9f19]

GC Heap History (0 events):
No events

Deoptimization events (0 events):
No events

Classes unloaded (0 events):
No events

Classes redefined (0 events):
No events

Internal exceptions (0 events):
No events

VM Operations (0 events):
No events

Events (1 events):
Event: 0.011 Loaded shared library C:\Program Files\Java\jdk-17.0.2\bin\java.dll


Dynamic libraries:
0x00007ff7e4f80000 - 0x00007ff7e4f90000 	C:\Program Files\Java\jdk-17.0.2\bin\java.exe
0x00007ff815330000 - 0x00007ff815528000 	C:\Windows\SYSTEM32\ntdll.dll
0x00007ff813720000 - 0x00007ff8137dd000 	C:\Windows\System32\KERNEL32.DLL
0x00007ff812ac0000 - 0x00007ff812db6000 	C:\Windows\System32\KERNELBASE.dll
0x00007ff813290000 - 0x00007ff813390000 	C:\Windows\System32\ucrtbase.dll
0x00007ff80cb10000 - 0x00007ff80cb28000 	C:\Program Files\Java\jdk-17.0.2\bin\jli.dll
0x00007ff80b530000 - 0x00007ff80b54a000 	C:\Program Files\Java\jdk-17.0.2\bin\VCRUNTIME140.dll
0x00007ff8134b0000 - 0x00007ff81355e000 	C:\Windows\System32\ADVAPI32.dll
0x00007ff8141d0000 - 0x00007ff81426e000 	C:\Windows\System32\msvcrt.dll
0x00007ff814840000 - 0x00007ff8148dc000 	C:\Windows\System32\sechost.dll
0x00007ff8151b0000 - 0x00007ff8152d6000 	C:\Windows\System32\RPCRT4.dll
0x00007ff813e80000 - 0x00007ff81401e000 	C:\Windows\System32\USER32.dll
0x00007ff812f80000 - 0x00007ff812fa2000 	C:\Windows\System32\win32u.dll
0x00007ff814a30000 - 0x00007ff814a5c000 	C:\Windows\System32\GDI32.dll
0x00007ffffea80000 - 0x00007ffffed1a000 	C:\Windows\WinSxS\amd64_microsoft.windows.common-controls_6595b64144ccf1df_6.0.19041.1110_none_60b5254171f9507e\COMCTL32.dll
0x00007ff812e60000 - 0x00007ff812f7a000 	C:\Windows\System32\gdi32full.dll
0x00007ff812dc0000 - 0x00007ff812e5d000 	C:\Windows\System32\msvcp_win.dll
0x00007ff80bfc0000 - 0x00007ff80bfca000 	C:\Windows\SYSTEM32\VERSION.dll
0x00007ff814940000 - 0x00007ff814970000 	C:\Windows\System32\IMM32.DLL
0x00007ff80e1e0000 - 0x00007ff80e1ec000 	C:\Program Files\Java\jdk-17.0.2\bin\vcruntime140_1.dll
0x00007fffff7d0000 - 0x00007fffff85d000 	C:\Program Files\Java\jdk-17.0.2\bin\msvcp140.dll
0x00007fffc78f0000 - 0x00007fffc84b1000 	C:\Program Files\Java\jdk-17.0.2\bin\server\jvm.dll
0x00007ff8152e0000 - 0x00007ff8152e8000 	C:\Windows\System32\PSAPI.DLL
0x00007ff809d30000 - 0x00007ff809d39000 	C:\Windows\SYSTEM32\WSOCK32.dll
0x00007ff8106d0000 - 0x00007ff8106f7000 	C:\Windows\SYSTEM32\WINMM.dll
0x00007ff814390000 - 0x00007ff8143fb000 	C:\Windows\System32\WS2_32.dll
0x00007ff8111f0000 - 0x00007ff811202000 	C:\Windows\SYSTEM32\kernel.appcore.dll
0x00007ff80cbc0000 - 0x00007ff80cbca000 	C:\Program Files\Java\jdk-17.0.2\bin\jimage.dll
0x00007ff8104e0000 - 0x00007ff8106c4000 	C:\Windows\SYSTEM32\DBGHELP.DLL
0x00007ff8104a0000 - 0x00007ff8104d4000 	C:\Windows\SYSTEM32\dbgcore.DLL
0x00007ff813110000 - 0x00007ff813192000 	C:\Windows\System32\bcryptPrimitives.dll
0x00007ff80e180000 - 0x00007ff80e18e000 	C:\Program Files\Java\jdk-17.0.2\bin\instrument.dll
0x00007ff80a7a0000 - 0x00007ff80a7c5000 	C:\Program Files\Java\jdk-17.0.2\bin\java.dll

dbghelp: loaded successfully - version: 4.0.5 - missing functions: none
symbol engine: initialized successfully - sym options: 0x614 - pdb path: .;C:\Program Files\Java\jdk-17.0.2\bin;C:\Windows\SYSTEM32;C:\Windows\WinSxS\amd64_microsoft.windows.common-controls_6595b64144ccf1df_6.0.19041.1110_none_60b5254171f9507e;C:\Program Files\Java\jdk-17.0.2\bin\server

VM Arguments:
jvm_args: -XX:TieredStopAtLevel=1 -Dspring.output.ansi.enabled=always -Dcom.sun.management.jmxremote -Dspring.jmx.enabled=true -Dspring.liveBeansView.mbeanDomain -Dspring.application.admin.enabled=true -Dmanagement.endpoints.jmx.exposure.include=* -javaagent:C:\Program Files\JetBrains\IntelliJ IDEA 2023.2.3\lib\idea_rt.jar=56324:C:\Program Files\JetBrains\IntelliJ IDEA 2023.2.3\bin -Dfile.encoding=UTF-8 
java_command: com.example.database.DatabaseApplication
java_class_path (initial): C:\Users\lzy\Desktop\DataBase\database\target\classes;C:\Users\lzy\.m2\repository\org\springframework\boot\spring-boot-starter-web\3.2.0\spring-boot-starter-web-3.2.0.jar;C:\Users\lzy\.m2\repository\org\springframework\boot\spring-boot-starter\3.2.0\spring-boot-starter-3.2.0.jar;C:\Users\lzy\.m2\repository\org\springframework\boot\spring-boot-starter-logging\3.2.0\spring-boot-starter-logging-3.2.0.jar;C:\Users\lzy\.m2\repository\ch\qos\logback\logback-classic\1.4.11\logback-classic-1.4.11.jar;C:\Users\lzy\.m2\repository\ch\qos\logback\logback-core\1.4.11\logback-core-1.4.11.jar;C:\Users\lzy\.m2\repository\org\apache\logging\log4j\log4j-to-slf4j\2.21.1\log4j-to-slf4j-2.21.1.jar;C:\Users\lzy\.m2\repository\org\apache\logging\log4j\log4j-api\2.21.1\log4j-api-2.21.1.jar;C:\Users\lzy\.m2\repository\org\slf4j\jul-to-slf4j\2.0.9\jul-to-slf4j-2.0.9.jar;C:\Users\lzy\.m2\repository\jakarta\annotation\jakarta.annotation-api\2.1.1\jakarta.annotation-api-2.1.1.jar;C:\Users\lzy\.m2\repository\org\yaml\snakeyaml\2.2\snakeyaml-2.2.jar;C:\Users\lzy\.m2\repository\org\springframework\boot\spring-boot-starter-json\3.2.0\spring-boot-starter-json-3.2.0.jar;C:\Users\lzy\.m2\repository\com\fasterxml\jackson\datatype\jackson-datatype-jdk8\2.15.3\jackson-datatype-jdk8-2.15.3.jar;C:\Users\lzy\.m2\repository\com\fasterxml\jackson\datatype\jackson-datatype-jsr310\2.15.3\jackson-datatype-jsr310-2.15.3.jar;C:\Users\lzy\.m2\repository\com\fasterxml\jackson\module\jackson-module-parameter-names\2.15.3\jackson-module-parameter-names-2.15.3.jar;C:\Users\lzy\.m2\repository\org\springframework\boot\spring-boot-starter-tomcat\3.2.0\spring-boot-starter-tomcat-3.2.0.jar;C:\Users\lzy\.m2\repository\org\apache\tomcat\embed\tomcat-embed-core\10.1.16\tomcat-embed-core-10.1.16.jar;C:\Users\lzy\.m2\repository\org\apache\tomcat\embed\tomcat-embed-el\10.1.16\tomcat-embed-el-10.1.16.jar;C:\Users\lzy\.m2\repository\org\apache\tomcat\embed\tomcat-embed-websocket\10.1.16\tomcat-embed-web
Launcher Type: SUN_STANDARD

[Global flags]
     intx CICompilerCount                          = 12                                        {product} {ergonomic}
     uint ConcGCThreads                            = 3                                         {product} {ergonomic}
     uint G1ConcRefinementThreads                  = 13                                        {product} {ergonomic}
   size_t G1HeapRegionSize                         = 2097152                                   {product} {ergonomic}
    uintx GCDrainStackTargetSize                   = 64                                        {product} {ergonomic}
   size_t InitialHeapSize                          = 257949696                                 {product} {ergonomic}
     bool ManagementServer                         = true                                      {product} {command line}
   size_t MarkStackSize                            = 4194304                                   {product} {ergonomic}
   size_t MaxHeapSize                              = 4127195136                                {product} {ergonomic}
   size_t MinHeapDeltaBytes                        = 2097152                                   {product} {ergonomic}
   size_t MinHeapSize                              = 8388608                                   {product} {ergonomic}
    uintx NonProfiledCodeHeapSize                  = 0                                      {pd product} {ergonomic}
     bool ProfileInterpreter                       = false                                  {pd product} {command line}
    uintx ProfiledCodeHeapSize                     = 0                                      {pd product} {ergonomic}
   size_t SoftMaxHeapSize                          = 4127195136                             {manageable} {ergonomic}
     intx TieredStopAtLevel                        = 1                                         {product} {command line}
     bool UseCompressedClassPointers               = true                           {product lp64_product} {ergonomic}
     bool UseCompressedOops                        = true                           {product lp64_product} {ergonomic}
     bool UseG1GC                                  = true                                      {product} {ergonomic}
     bool UseLargePagesIndividualAllocation        = false                                  {pd product} {ergonomic}

Logging:
Log output configuration:
 #0: stdout all=warning uptime,level,tags
 #1: stderr all=off uptime,level,tags

Environment Variables:
JAVA_HOME=C:\Program Files\Java\jdk-1.8\
CLASSPATH=.;C:\Program Files\Java\jdk-1.8\\lib\dt.jar;C:\Program Files\Java\jdk-1.8\\lib\tools.jar
PATH=C:\Program Files\Java\jdk-1.8\\bin;G:\maven\apache-maven-3.9.5\bin;G:\bin\;H:\OpenSSH-Win64;C:\Program Files\Common Files\Oracle\Java\javapath;C:\Program Files (x86)\Common Files\Oracle\Java\javapath;C:\Users\lzy\anaconda3;C:\Users\lzy\Documents\Tencent Files\798586304\FileRecv;C:\Program Files\Notepad++;C:\Program Files\Git\cmd;C:\Windows\System32\OpenSSH\;C:\Program Files\OpenSSH\bin;C:\Program Files\nodejs\;C:\Program Files\NVIDIA Corporation\Nsight Compute 2022.2.1\;C:\Users\lzy\AppData\Local\Programs\MinGW\bin;G:\mingw64\bin;C:\Program Files (x86)\Tencent\微信web开发者工具\dll;C:\Program Files\Bandizip\;C:\Program Files\Microsoft SQL Server\120\DTS\Binn\;C:\Program Files\Microsoft SQL Server\Client SDK\ODBC\110\Tools\Binn\;C:\Program Files (x86)\Microsoft SQL Server\120\Tools\Binn\;C:\Program Files\Microsoft SQL Server\120\Tools\Binn\;C:\Program Files (x86)\Microsoft SQL Server\120\Tools\Binn\ManagementStudio\;C:\Program Files (x86)\Microsoft SQL Server\120\DTS\Binn\;C:\Program Files\MySQL\MySQL Server 8.0\bin;H:\OpenSSH-Win64;C:\Users\lzy\AppData\Local\Microsoft\WindowsApps;D:\nodejs\node_global;C:\Program Files\JetBrains\IntelliJ IDEA 2023.2.3\bin;C:\Program Files\Java\jdk-1.8\;C:\Program Files\MySQL\MySQL Server 8.0\bin;c:\windows\system32;G:\mingw64\bin;C:\Users\lzy\AppData\Local\Programs\Python\Python310;C:\Users\lzy\anaconda3;C:\Users\lzy\anaconda3\Scripts;C:\Users\lzy\anaconda3\bin;C:\Users\lzy\anaconda3\condabin;C:\Users\lzy\PyCharm 2021.3.3\bin;G:\MiKTeX\miktex\bin\x64\;C:\Users\lzy\Documents\Tencent Files\798586304\FileRecv;C:\Program Files\Notepad++;C:\Users\lzy\AppData\Roaming\npm;C:\Users\lzy\AppData\Local\Programs\Microsoft VS Code\bin;C:\Users\lzy\AppData\Local\Google\Cloud SDK\google-cloud-sdk\bin;C:\Users\lzy\AppData\Local\GitHubDesktop\bin;C:\Users\lzy\AppData\Local\Programs\Fiddler;
USERNAME=lzy
OS=Windows_NT
PROCESSOR_IDENTIFIER=AMD64 Family 23 Model 96 Stepping 1, AuthenticAMD



---------------  S Y S T E M  ---------------

OS:
 Windows 10 , 64 bit Build 19041 (10.0.19041.3393)
OS uptime: 6 days 7:02 hours
Hyper-V role detected

CPU: total 16 (initial active 16) (16 cores per cpu, 2 threads per core) family 23 model 96 stepping 1 microcode 0x0, cx8, cmov, fxsr, ht, mmx, 3dnowpref, sse, sse2, sse3, ssse3, sse4a, sse4.1, sse4.2, popcnt, lzcnt, tsc, tscinvbit, avx, avx2, aes, clmul, bmi1, bmi2, adx, sha, fma, vzeroupper, clflush, clflushopt, hv

Memory: 4k page, system-wide physical 15742M (3702M free)
TotalPageFile size 15742M (AvailPageFile size 5M)
current process WorkingSet (physical memory assigned to process): 10M, peak: 10M
current process commit charge ("private bytes"): 316M, peak: 319M

vm_info: Java HotSpot(TM) 64-Bit Server VM (17.0.2+8-LTS-86) for windows-amd64 JRE (17.0.2+8-LTS-86), built on Dec  7 2021 21:51:03 by "mach5one" with MS VC++ 16.8 / 16.9 (VS2019)

END.
